<?xml version="1.0" encoding="UTF-8"?>
<!-- Generated by org.testng.reporters.JUnitReportReporter -->
<testsuite hostname="DESKTOP-L3B6E62" failures="0" tests="1" name="StepDefinitions.TestRunner" time="19.703" errors="0" timestamp="2024-05-18T21:35:17 AEST" skipped="0">
  <testcase classname="StepDefinitions.TestRunner" name="runScenario" time="19.703"/>
  <system-out/>
</testsuite> <!-- StepDefinitions.TestRunner -->
